<?xml version="1.0" encoding="UTF-8"?>
<!-- Generated by org.testng.reporters.JUnitReportReporter -->
<testsuite hostname="idea-PC" failures="0" tests="1" name="RestAssured_BDD" time="4.006" errors="0" timestamp="2021-09-28T22:44:05 IST" skipped="0">
  <testcase classname="RestAssured_BDD" name="getUsers" time="4.006"/>
  <system-out/>
</testsuite> <!-- RestAssured_BDD -->
